Added Component: Designator=R5(SMDres)
Add component. Clean all parameters for all variants
Added Component: Designator=R6(SMDres)
Add component. Clean all parameters for all variants
Added Component: Designator=u2(SOIC127P1030X265-16M)
Add component. Clean all parameters for all variants
Added Pin To Net: NetName=Collector Pin=R5-1
Added Pin To Net: NetName=Emitter Pin=R5-2
Added Pin To Net: NetName=NetC10_2 Pin=R6-1
Added Pin To Net: NetName=Collector Pin=R6-2
Added Pin To Net: NetName=Emitter Pin=u2-1
Added Pin To Net: NetName=NetC11_2 Pin=u2-2
Added Pin To Net: NetName=Emitter Pin=u2-3
Added Pin To Net: NetName=NetC5_1 Pin=u2-5
Added Pin To Net: NetName=NetD6_1 Pin=u2-6
Added Pin To Net: NetName=Emitter Pin=u2-8
Added Pin To Net: NetName=GND Pin=u2-9
Added Pin To Net: NetName=NetC12_2 Pin=u2-10
Added Pin To Net: NetName=GND Pin=u2-11
Added Pin To Net: NetName=Rdy Pin=u2-12
Added Pin To Net: NetName=Flt Pin=u2-13
Added Pin To Net: NetName=Rst Pin=u2-14
Added Pin To Net: NetName=VCC Pin=u2-15
Added Pin To Net: NetName=GND Pin=u2-16
Added Member To Class: ClassName=Optical_Fibre_IGBT_Driver_Schematic Member=Component R5 snubber_10Ohm_2w
Added Member To Class: ClassName=Optical_Fibre_IGBT_Driver_Schematic Member=Component R6 snubber_10Ohm_2w
Added Member To Class: ClassName=Optical_Fibre_IGBT_Driver_Schematic Member=Component u2 ISO5451
