Added Component: Designator=C2(6-0805_M)
Add component. Clean all parameters for all variants
Add component (AddParameter): Name = "LatestRevisionDate"; Value = "29-May-2009"; VariantName = "[No Variations]"
Add component (AddParameter): Name = "LatestRevisionNote"; Value = "IPC-7351 Footprint Added."; VariantName = "[No Variations]"
Add component (AddParameter): Name = "PackageDescription"; Value = "Chip Capacitor"; VariantName = "[No Variations]"
Add component (AddParameter): Name = "PackageReference"; Value = "C1206"; VariantName = "[No Variations]"
Add component (AddParameter): Name = "Published"; Value = "8-Jun-2000"; VariantName = "[No Variations]"
Add component (AddParameter): Name = "Publisher"; Value = "Altium Limited"; VariantName = "[No Variations]"
Add component (AddParameter): Name = "Value"; Value = "1uF"; VariantName = "[No Variations]"
Added Component: Designator=P2(DIP10)
Add component. Clean all parameters for all variants
Add component (AddParameter): Name = "LatestRevisionDate"; Value = "17-Jul-2002"; VariantName = "[No Variations]"
Add component (AddParameter): Name = "LatestRevisionNote"; Value = "Re-released for DXP Platform."; VariantName = "[No Variations]"
Add component (AddParameter): Name = "Publisher"; Value = "Altium Limited"; VariantName = "[No Variations]"
Added Component: Designator=PWM1(GP1FAV31*K0F)
Add component. Clean all parameters for all variants
Added Pin To Net: NetName=GND Pin=C2-1
Added Pin To Net: NetName=3.3V Pin=C2-2
Added Pin To Net: NetName=5V Pin=P2-1
Added Pin To Net: NetName=GND Pin=P2-2
Added Pin To Net: NetName=Emitter Pin=P2-5
Added Pin To Net: NetName=Emitter Pin=P2-6
Added Pin To Net: NetName=NetD1_1 Pin=P2-7
Added Pin To Net: NetName=3.3V Pin=PWM1-1
Added Pin To Net: NetName=GND Pin=PWM1-2
Added Pin To Net: NetName=NetP3_1 Pin=PWM1-3
Added Member To Class: ClassName=Optical_Fibre_IGBT_Driver_Schematic Member=Component C1 Cap Semi
Added Member To Class: ClassName=Optical_Fibre_IGBT_Driver_Schematic Member=Component C2 Cap Semi
Added Member To Class: ClassName=Optical_Fibre_IGBT_Driver_Schematic Member=Component C3 Cap
Added Member To Class: ClassName=Optical_Fibre_IGBT_Driver_Schematic Member=Component C4 Cap Semi
Added Member To Class: ClassName=Optical_Fibre_IGBT_Driver_Schematic Member=Component C5 Cap Semi
Added Member To Class: ClassName=Optical_Fibre_IGBT_Driver_Schematic Member=Component C6 Cap Semi
Added Member To Class: ClassName=Optical_Fibre_IGBT_Driver_Schematic Member=Component C8 Cap Semi
Added Member To Class: ClassName=Optical_Fibre_IGBT_Driver_Schematic Member=Component C9 Cap Semi
Added Member To Class: ClassName=Optical_Fibre_IGBT_Driver_Schematic Member=Component C10 Cap Semi
Added Member To Class: ClassName=Optical_Fibre_IGBT_Driver_Schematic Member=Component C11 Cap Semi
Added Member To Class: ClassName=Optical_Fibre_IGBT_Driver_Schematic Member=Component C12 Cap Semi
Added Member To Class: ClassName=Optical_Fibre_IGBT_Driver_Schematic Member=Component D1 STTH212U
Added Member To Class: ClassName=Optical_Fibre_IGBT_Driver_Schematic Member=Component D2 Led_Green
Added Member To Class: ClassName=Optical_Fibre_IGBT_Driver_Schematic Member=Component D3 LED_Red
Added Member To Class: ClassName=Optical_Fibre_IGBT_Driver_Schematic Member=Component D4 BAT165
Added Member To Class: ClassName=Optical_Fibre_IGBT_Driver_Schematic Member=Component D5 STTH212U
Added Member To Class: ClassName=Optical_Fibre_IGBT_Driver_Schematic Member=Component D6 BAT165
Added Member To Class: ClassName=Optical_Fibre_IGBT_Driver_Schematic Member=Component P1 5V Power In
Added Member To Class: ClassName=Optical_Fibre_IGBT_Driver_Schematic Member=Component P2 CUI INC DC/DC
Added Member To Class: ClassName=Optical_Fibre_IGBT_Driver_Schematic Member=Component P3 Optical Fibre Enable Header
Added Member To Class: ClassName=Optical_Fibre_IGBT_Driver_Schematic Member=Component P5 Emitter
Added Member To Class: ClassName=Optical_Fibre_IGBT_Driver_Schematic Member=Component P8 Collector
Added Member To Class: ClassName=Optical_Fibre_IGBT_Driver_Schematic Member=Component P9 Header 3X2A
Added Member To Class: ClassName=Optical_Fibre_IGBT_Driver_Schematic Member=Component P10 Gate
Added Member To Class: ClassName=Optical_Fibre_IGBT_Driver_Schematic Member=Component PWM1 GP1FAV31RK0F
Added Member To Class: ClassName=Optical_Fibre_IGBT_Driver_Schematic Member=Component R1 Res3
Added Member To Class: ClassName=Optical_Fibre_IGBT_Driver_Schematic Member=Component R2 Res3
Added Member To Class: ClassName=Optical_Fibre_IGBT_Driver_Schematic Member=Component R3 Res3
Added Member To Class: ClassName=Optical_Fibre_IGBT_Driver_Schematic Member=Component R7 Res3
Added Member To Class: ClassName=Optical_Fibre_IGBT_Driver_Schematic Member=Component R8 Res3
Added Member To Class: ClassName=Optical_Fibre_IGBT_Driver_Schematic Member=Component R9 Res3
Added Member To Class: ClassName=Optical_Fibre_IGBT_Driver_Schematic Member=Component R10 Res3
Added Member To Class: ClassName=Optical_Fibre_IGBT_Driver_Schematic Member=Component  3V3/5V Selection
Added Member To Class: ClassName=Optical_Fibre_IGBT_Driver_Schematic Member=Component U1 TLV70012DCKT
